


          SolidWorks Corporation - STEP Processor Error Log
          ______________________________________________________

                       STEP Post Processor
                       ___________________


STEP File Name: C:\Users\kamil\Desktop\RobotMechanics\step\battery_module.step


Powierzchnie zosta³y pomyœlnie przetworzone na obiekt bry³owy.
STEPImport - zakoñczony.
Error: Nie uda³o siê utworzyæ bry³y z przyciêtych powierzchni.
STEPImport - nie zosta³ pomyœlnie zakoñczony.
Powierzchnie zosta³y pomyœlnie przetworzone na obiekt bry³owy.
STEPImport - zakoñczony.
Error: Nie uda³o siê utworzyæ bry³y z przyciêtych powierzchni.
STEPImport - nie zosta³ pomyœlnie zakoñczony.
Powierzchnie zosta³y pomyœlnie przetworzone na obiekt bry³owy.
STEPImport - zakoñczony.
Error: Nie uda³o siê utworzyæ bry³y z przyciêtych powierzchni.
STEPImport - nie zosta³ pomyœlnie zakoñczony.
Powierzchnie zosta³y pomyœlnie przetworzone na obiekt bry³owy.
STEPImport - zakoñczony.
Error: Nie uda³o siê utworzyæ bry³y z przyciêtych powierzchni.
STEPImport - nie zosta³ pomyœlnie zakoñczony.
Powierzchnie zosta³y pomyœlnie przetworzone na obiekt bry³owy.
STEPImport - zakoñczony.
Error: Nie uda³o siê utworzyæ bry³y z przyciêtych powierzchni.
STEPImport - nie zosta³ pomyœlnie zakoñczony.
Powierzchnie zosta³y pomyœlnie przetworzone na obiekt bry³owy.
STEPImport - zakoñczony.Powierzchnie zosta³y pomyœlnie przetworzone na obiekt bry³owy.
STEPImport - zakoñczony.
Error: Nie uda³o siê utworzyæ bry³y z przyciêtych powierzchni.
STEPImport - nie zosta³ pomyœlnie zakoñczony.
Powierzchnie zosta³y pomyœlnie przetworzone na obiekt bry³owy.
STEPImport - zakoñczony.
Error: Nie uda³o siê utworzyæ bry³y z przyciêtych powierzchni.
STEPImport - nie zosta³ pomyœlnie zakoñczony.
Powierzchnie zosta³y pomyœlnie przetworzone na obiekt bry³owy.
STEPImport - zakoñczony.
Error: Nie uda³o siê utworzyæ bry³y z przyciêtych powierzchni.
STEPImport - nie zosta³ pomyœlnie zakoñczony.
Powierzchnie zosta³y pomyœlnie przetworzone na obiekt bry³owy.
STEPImport - zakoñczony.
Error: Nie uda³o siê utworzyæ bry³y z przyciêtych powierzchni.
STEPImport - nie zosta³ pomyœlnie zakoñczony.
Powierzchnie zosta³y pomyœlnie przetworzone na obiekt bry³owy.
STEPImport - zakoñczony.
Error: Nie uda³o siê utworzyæ bry³y z przyciêtych powierzchni.
STEPImport - nie zosta³ pomyœlnie zakoñczony.
Powierzchnie zosta³y pomyœlnie przetworzone na obiekt bry³owy.
STEPImport - zakoñczony.
Error: Nie uda³o siê utworzyæ bry³y z przyciêtych powierzchni.
STEPImport - nie zosta³ pomyœlnie zakoñczony.
Powierzchnie zosta³y pomyœlnie przetworzone na obiekt bry³owy.
STEPImport - zakoñczony.
Error: Nie uda³o siê utworzyæ bry³y z przyciêtych powierzchni.
STEPImport - nie zosta³ pomyœlnie zakoñczony.
Powierzchnie zosta³y pomyœlnie przetworzone na obiekt bry³owy.
STEPImport - zakoñczony.
Error: Nie uda³o siê utworzyæ bry³y z przyciêtych powierzchni.
STEPImport - nie zosta³ pomyœlnie zakoñczony.
Powierzchnie zosta³y pomyœlnie przetworzone na obiekt bry³owy.
STEPImport - zakoñczony.
Error: Nie uda³o siê utworzyæ bry³y z przyciêtych powierzchni.
STEPImport - nie zosta³ pomyœlnie zakoñczony.
Powierzchnie zosta³y pomyœlnie przetworzone na obiekt bry³owy.
STEPImport - zakoñczony.
Error: Nie uda³o siê utworzyæ bry³y z przyciêtych powierzchni.
STEPImport - nie zosta³ pomyœlnie zakoñczony.
Powierzchnie zosta³y pomyœlnie przetworzone na obiekt bry³owy.
STEPImport - zakoñczony.Powierzchnie zosta³y pomyœlnie przetworzone na obiekt bry³owy.
STEPImport - zakoñczony.
Error: Nie uda³o siê utworzyæ bry³y z przyciêtych powierzchni.
STEPImport - nie zosta³ pomyœlnie zakoñczony.
Powierzchnie zosta³y pomyœlnie przetworzone na obiekt bry³owy.
STEPImport - zakoñczony.
Error: Nie uda³o siê utworzyæ bry³y z przyciêtych powierzchni.
STEPImport - nie zosta³ pomyœlnie zakoñczony.
Powierzchnie zosta³y pomyœlnie przetworzone na obiekt bry³owy.
STEPImport - zakoñczony.
Error: Nie uda³o siê utworzyæ bry³y z przyciêtych powierzchni.
STEPImport - nie zosta³ pomyœlnie zakoñczony.
Powierzchnie zosta³y pomyœlnie przetworzone na obiekt bry³owy.
STEPImport - zakoñczony.
Error: Nie uda³o siê utworzyæ bry³y z przyciêtych powierzchni.
STEPImport - nie zosta³ pomyœlnie zakoñczony.
Powierzchnie zosta³y pomyœlnie przetworzone na obiekt bry³owy.
STEPImport - zakoñczony.
Error: Nie uda³o siê utworzyæ bry³y z przyciêtych powierzchni.
STEPImport - nie zosta³ pomyœlnie zakoñczony.
Powierzchnie zosta³y pomyœlnie przetworzone na obiekt bry³owy.
STEPImport - zakoñczony.
Error: Nie uda³o siê utworzyæ bry³y z przyciêtych powierzchni.
STEPImport - nie zosta³ pomyœlnie zakoñczony.
Powierzchnie zosta³y pomyœlnie przetworzone na obiekt bry³owy.
STEPImport - zakoñczony.Powierzchnie zosta³y pomyœlnie przetworzone na obiekt bry³owy.
STEPImport - zakoñczony.
Error: Nie uda³o siê utworzyæ bry³y z przyciêtych powierzchni.
STEPImport - nie zosta³ pomyœlnie zakoñczony.
Powierzchnie zosta³y pomyœlnie przetworzone na obiekt bry³owy.
STEPImport - zakoñczony.
Error: Nie uda³o siê utworzyæ bry³y z przyciêtych powierzchni.
STEPImport - nie zosta³ pomyœlnie zakoñczony.
Powierzchnie zosta³y pomyœlnie przetworzone na obiekt bry³owy.
STEPImport - zakoñczony.
Error: Nie uda³o siê utworzyæ bry³y z przyciêtych powierzchni.
STEPImport - nie zosta³ pomyœlnie zakoñczony.
Powierzchnie zosta³y pomyœlnie przetworzone na obiekt bry³owy.
STEPImport - zakoñczony.Powierzchnie zosta³y pomyœlnie przetworzone na obiekt bry³owy.
STEPImport - zakoñczony.
Error: Nie uda³o siê utworzyæ bry³y z przyciêtych powierzchni.
STEPImport - nie zosta³ pomyœlnie zakoñczony.
Powierzchnie zosta³y pomyœlnie przetworzone na obiekt bry³owy.
STEPImport - zakoñczony.
Error: Nie uda³o siê utworzyæ bry³y z przyciêtych powierzchni.
STEPImport - nie zosta³ pomyœlnie zakoñczony.
